<?xml version="1.0" encoding="UTF-8"?>
<testng-results ignored="0" total="1" passed="1" failed="0" skipped="0">
  <reporter-output>
  </reporter-output>
  <suite started-at="2023-12-27T12:15:00 IST" name="Suite" finished-at="2023-12-27T12:15:00 IST" duration-ms="48">
    <groups>
    </groups>
    <test started-at="2023-12-27T12:15:00 IST" name="Test" finished-at="2023-12-27T12:15:00 IST" duration-ms="48">
      <class name="TestScripts.DemoTest">
        <test-method signature="demo()[pri:0, instance:TestScripts.DemoTest@6572421]" started-at="2023-12-27T12:15:00 IST" name="demo" finished-at="2023-12-27T12:15:00 IST" duration-ms="9" status="PASS">
          <reporter-output>
          </reporter-output>
        </test-method> <!-- demo -->
      </class> <!-- TestScripts.DemoTest -->
    </test> <!-- Test -->
  </suite> <!-- Suite -->
</testng-results>
